<?xml version="1.0" encoding="UTF-8" ?>
<testsuite failures="0" time="4.588" errors="0" skipped="0" tests="5" name="com.obomprogramador.discoarq.microblog.daotests.TestDaoInsert">
  <properties>
    <property name="java.runtime.name" value="Java(TM) SE Runtime Environment"/>
    <property name="sun.boot.library.path" value="/System/Library/Java/JavaVirtualMachines/1.6.0.jdk/Contents/Libraries"/>
    <property name="java.vm.version" value="20.65-b04-462"/>
    <property name="awt.nativeDoubleBuffering" value="true"/>
    <property name="gopherProxySet" value="false"/>
    <property name="mrj.build" value="11M4609"/>
    <property name="java.vm.vendor" value="Apple Inc."/>
    <property name="java.vendor.url" value="http://www.apple.com/"/>
    <property name="path.separator" value=":"/>
    <property name="java.vm.name" value="Java HotSpot(TM) 64-Bit Server VM"/>
    <property name="file.encoding.pkg" value="sun.io"/>
    <property name="user.country" value="BR"/>
    <property name="sun.java.launcher" value="SUN_STANDARD"/>
    <property name="sun.os.patch.level" value="unknown"/>
    <property name="java.vm.specification.name" value="Java Virtual Machine Specification"/>
    <property name="user.dir" value="/Users/cleutonsampaio/Documents/projetos/arquiteturas desconectadas/WS/microblog"/>
    <property name="java.runtime.version" value="1.6.0_65-b14-462-11M4609"/>
    <property name="java.awt.graphicsenv" value="apple.awt.CGraphicsEnvironment"/>
    <property name="basedir" value="/Users/cleutonsampaio/Documents/projetos/arquiteturas desconectadas/WS/microblog"/>
    <property name="java.endorsed.dirs" value="/System/Library/Java/JavaVirtualMachines/1.6.0.jdk/Contents/Home/lib/endorsed"/>
    <property name="os.arch" value="x86_64"/>
    <property name="surefire.real.class.path" value="/var/folders/9l/4p_nzyl14sddnwl3z4j5k6000000gn/T/surefirebooter3234687928145914169.jar"/>
    <property name="java.io.tmpdir" value="/var/folders/9l/4p_nzyl14sddnwl3z4j5k6000000gn/T/"/>
    <property name="line.separator" value="
"/>
    <property name="java.vm.specification.vendor" value="Sun Microsystems Inc."/>
    <property name="os.name" value="Mac OS X"/>
    <property name="sun.jnu.encoding" value="MacRoman"/>
    <property name="java.library.path" value=".:/Library/Java/Extensions:/System/Library/Java/Extensions:/usr/lib/java"/>
    <property name="surefire.test.class.path" value="/Users/cleutonsampaio/Documents/projetos/arquiteturas desconectadas/WS/microblog/target/test-classes:/Users/cleutonsampaio/Documents/projetos/arquiteturas desconectadas/WS/microblog/target/classes:/Users/cleutonsampaio/.m2/repository/junit/junit/4.10/junit-4.10.jar:/Users/cleutonsampaio/.m2/repository/org/hamcrest/hamcrest-core/1.1/hamcrest-core-1.1.jar:/Users/cleutonsampaio/.m2/repository/org/json/json/20140107/json-20140107.jar:/Users/cleutonsampaio/.m2/repository/org/mongodb/mongo-java-driver/2.11.4/mongo-java-driver-2.11.4.jar:/Users/cleutonsampaio/.m2/repository/joda-time/joda-time/2.3/joda-time-2.3.jar:"/>
    <property name="java.specification.name" value="Java Platform API Specification"/>
    <property name="java.class.version" value="50.0"/>
    <property name="sun.management.compiler" value="HotSpot 64-Bit Tiered Compilers"/>
    <property name="os.version" value="10.9"/>
    <property name="http.nonProxyHosts" value="local|*.local|169.254/16|*.169.254/16"/>
    <property name="user.home" value="/Users/cleutonsampaio"/>
    <property name="user.timezone" value="America/Sao_Paulo"/>
    <property name="java.awt.printerjob" value="apple.awt.CPrinterJob"/>
    <property name="java.specification.version" value="1.6"/>
    <property name="file.encoding" value="MacRoman"/>
    <property name="user.name" value="cleutonsampaio"/>
    <property name="java.class.path" value="/Users/cleutonsampaio/Documents/projetos/arquiteturas desconectadas/WS/microblog/target/test-classes:/Users/cleutonsampaio/Documents/projetos/arquiteturas desconectadas/WS/microblog/target/classes:/Users/cleutonsampaio/.m2/repository/junit/junit/4.10/junit-4.10.jar:/Users/cleutonsampaio/.m2/repository/org/hamcrest/hamcrest-core/1.1/hamcrest-core-1.1.jar:/Users/cleutonsampaio/.m2/repository/org/json/json/20140107/json-20140107.jar:/Users/cleutonsampaio/.m2/repository/org/mongodb/mongo-java-driver/2.11.4/mongo-java-driver-2.11.4.jar:/Users/cleutonsampaio/.m2/repository/joda-time/joda-time/2.3/joda-time-2.3.jar:"/>
    <property name="java.vm.specification.version" value="1.0"/>
    <property name="sun.arch.data.model" value="64"/>
    <property name="java.home" value="/System/Library/Java/JavaVirtualMachines/1.6.0.jdk/Contents/Home"/>
    <property name="sun.java.command" value="/var/folders/9l/4p_nzyl14sddnwl3z4j5k6000000gn/T/surefirebooter3234687928145914169.jar /var/folders/9l/4p_nzyl14sddnwl3z4j5k6000000gn/T/surefire7728663565672099477tmp /var/folders/9l/4p_nzyl14sddnwl3z4j5k6000000gn/T/surefire5495306640154233492tmp"/>
    <property name="java.specification.vendor" value="Sun Microsystems Inc."/>
    <property name="user.language" value="pt"/>
    <property name="awt.toolkit" value="apple.awt.CToolkit"/>
    <property name="java.vm.info" value="mixed mode"/>
    <property name="java.version" value="1.6.0_65"/>
    <property name="java.ext.dirs" value="/Library/Java/Extensions:/System/Library/Java/Extensions:/System/Library/Java/JavaVirtualMachines/1.6.0.jdk/Contents/Home/lib/ext"/>
    <property name="sun.boot.class.path" value="/System/Library/Java/JavaVirtualMachines/1.6.0.jdk/Contents/Classes/jsfd.jar:/System/Library/Java/JavaVirtualMachines/1.6.0.jdk/Contents/Classes/classes.jar:/System/Library/Frameworks/JavaVM.framework/Frameworks/JavaRuntimeSupport.framework/Resources/Java/JavaRuntimeSupport.jar:/System/Library/Java/JavaVirtualMachines/1.6.0.jdk/Contents/Classes/ui.jar:/System/Library/Java/JavaVirtualMachines/1.6.0.jdk/Contents/Classes/laf.jar:/System/Library/Java/JavaVirtualMachines/1.6.0.jdk/Contents/Classes/sunrsasign.jar:/System/Library/Java/JavaVirtualMachines/1.6.0.jdk/Contents/Classes/jsse.jar:/System/Library/Java/JavaVirtualMachines/1.6.0.jdk/Contents/Classes/jce.jar:/System/Library/Java/JavaVirtualMachines/1.6.0.jdk/Contents/Classes/charsets.jar"/>
    <property name="java.vendor" value="Apple Inc."/>
    <property name="localRepository" value="/Users/cleutonsampaio/.m2/repository"/>
    <property name="file.separator" value="/"/>
    <property name="java.vendor.url.bug" value="http://bugreport.apple.com/"/>
    <property name="sun.cpu.endian" value="little"/>
    <property name="sun.io.unicode.encoding" value="UnicodeLittle"/>
    <property name="mrj.version" value="1070.1.6.0_65-462"/>
    <property name="socksNonProxyHosts" value="local|*.local|169.254/16|*.169.254/16"/>
    <property name="ftp.nonProxyHosts" value="local|*.local|169.254/16|*.169.254/16"/>
    <property name="sun.cpu.isalist" value=""/>
  </properties>
  <testcase time="0.108" classname="com.obomprogramador.discoarq.microblog.daotests.TestDaoInsert" name="testAddUser"/>
  <testcase time="0.085" classname="com.obomprogramador.discoarq.microblog.daotests.TestDaoInsert" name="testAddFollowing"/>
  <testcase time="0.034" classname="com.obomprogramador.discoarq.microblog.daotests.TestDaoInsert" name="testPostMessage"/>
  <testcase time="0.039" classname="com.obomprogramador.discoarq.microblog.daotests.TestDaoInsert" name="testAbandon"/>
  <testcase time="0.02" classname="com.obomprogramador.discoarq.microblog.daotests.TestDaoInsert" name="testNewSession"/>
</testsuite>